2025-07-27T14:43:58+01:00 - login admin
2025-07-27T14:45:57+01:00 - arm Away by admin
2025-07-27T14:46:02+01:00 - disarm by admin
2025-07-27T14:46:05+01:00 - arm TestSoft by admin
2025-07-27T14:46:15+01:00 - disarm by admin
2025-07-27T14:48:46+01:00 - logout
2025-07-27T14:49:28+01:00 - login admin
2025-07-27T14:52:55+01:00 - login admin
2025-07-27T14:56:20+01:00 - login admin
2025-07-27T14:56:25+01:00 - arm TestWiring by admin
2025-07-27T14:56:28+01:00 - arm TestSoft by admin
2025-07-27T14:56:29+01:00 - disarm by admin
2025-07-27T14:56:33+01:00 - arm Home by admin
2025-07-27T14:56:39+01:00 - arm Away by admin
2025-07-27T14:56:46+01:00 - disarm by admin
2025-07-27T14:57:10+01:00 - arm Away by admin
2025-07-27T14:57:11+01:00 - disarm by admin
2025-07-27T15:03:57+01:00 - login admin
2025-07-27T15:04:03+01:00 - arm Away by admin
2025-07-27T15:04:05+01:00 - disarm by admin
2025-07-27T15:04:06+01:00 - arm Home by admin
2025-07-27T15:04:07+01:00 - disarm by admin
2025-07-27T15:04:09+01:00 - arm TestSoft by admin
2025-07-27T15:04:11+01:00 - disarm by admin
2025-07-27T15:04:12+01:00 - arm TestWiring by admin
2025-07-27T15:04:14+01:00 - disarm by admin
2025-07-27T15:04:17+01:00 - arm TestSoft by admin
2025-07-27T15:04:23+01:00 - disarm by admin
2025-07-27T15:04:24+01:00 - arm TestWiring by admin
2025-07-27T15:04:27+01:00 - disarm by admin
2025-07-27T15:04:58+01:00 - create zone Garage (id=1) by admin
2025-07-27T15:05:14+01:00 - create zone Kitchen (id=2) by admin
2025-07-27T15:05:35+01:00 - create zone Living Rooom (id=3) by admin
2025-07-27T15:05:54+01:00 - create zone Garden (id=4) by admin
2025-07-27T15:06:04+01:00 - create zone Front Door (id=5) by admin
2025-07-27T15:06:56+01:00 - update arm mode External by admin
2025-07-27T15:07:01+01:00 - update arm mode External by admin
2025-07-27T15:07:19+01:00 - arm Away by admin
2025-07-27T15:07:21+01:00 - disarm by admin
2025-07-27T15:07:54+01:00 - create user sean by admin
2025-07-27T15:16:57+01:00 - login admin
2025-07-27T15:17:50+01:00 - arm TestSoft by admin
2025-07-27T15:17:57+01:00 - test trigger zone id=1 (Garage) by admin
2025-07-27T15:17:57+01:00 - alert: zone 1 (Garage) triggered
2025-07-27T15:18:10+01:00 - test trigger zone id=2 (Kitchen) by admin
2025-07-27T15:18:10+01:00 - alert: zone 2 (Kitchen) triggered
2025-07-27T15:18:16+01:00 - test trigger zone id=3 (Living Rooom) by admin
2025-07-27T15:18:16+01:00 - alert: zone 3 (Living Rooom) triggered
2025-07-27T15:18:21+01:00 - test trigger zone id=4 (Garden) by admin
2025-07-27T15:18:21+01:00 - alert: zone 4 (Garden) triggered
2025-07-27T15:18:24+01:00 - test trigger zone id=5 (Front Door) by admin
2025-07-27T15:18:24+01:00 - alert: zone 5 (Front Door) triggered
2025-07-27T15:18:30+01:00 - disarm by admin
2025-07-27T15:25:27+01:00 - login admin
2025-07-27T15:25:42+01:00 - arm Home by admin
2025-07-27T15:25:52+01:00 - disarm by admin
2025-07-27T15:25:57+01:00 - arm Away by admin
2025-07-27T15:26:00+01:00 - disarm by admin
2025-07-27T15:26:06+01:00 - arm External by admin
2025-07-27T15:26:08+01:00 - disarm by admin
2025-07-27T15:27:21+01:00 - update arm mode External by admin
2025-07-27T15:27:43+01:00 - update arm mode Away by admin
2025-07-27T15:28:27+01:00 - update arm mode Home by admin
2025-07-27T15:29:39+01:00 - arm TestSoft by admin
2025-07-27T15:29:45+01:00 - test trigger zone id=5 (Front Door) by admin
2025-07-27T15:29:45+01:00 - alert: zone 5 (Front Door) triggered
2025-07-27T15:29:54+01:00 - disarm by admin
2025-07-27T16:03:01+01:00 - login admin
2025-07-27T16:05:00+01:00 - login admin
2025-07-27T16:05:18+01:00 - delete zone id=5 by admin
2025-07-27T16:05:36+01:00 - create zone Front Door (id=5) by admin
2025-07-27T16:06:13+01:00 - exit delay started for mode Away
2025-07-27T16:06:13+01:00 - exit delay complete, system armed
2025-07-27T16:06:43+01:00 - exit delay complete, system armed
2025-07-27T16:37:39+01:00 - login admin
2025-07-27T16:38:14+01:00 - create zone Oil Store (id=6) by admin
